# JRE version: OpenJDK Runtime Environment Zulu20.32+11-CA (20.0.2+9) (build 20.0.2+9)
# Java VM: OpenJDK 64-Bit Server VM Zulu20.32+11-CA (20.0.2+9, mixed mode, emulated-client, sharing, tiered, compressed oops, compressed class ptrs, g1 gc, linux-amd64)
GC Precious Log:
 CardTable entry size: 512
 Card Set container configuration: InlinePtr #cards 5 size 8 Array Of Cards #cards 12 size 40 Howl #buckets 4 coarsen threshold 1843 Howl Bitmap #cards 512 size 80 coarsen threshold 460 Card regions per heap region 1 cards per card region 2048
 CPUs: 20 total, 20 available
 Memory: 7786M
 Large Page Support: Disabled
 NUMA Support: Disabled
 Compressed Oops: Enabled (32-bit)
 Heap Region Size: 1M
 Heap Min Capacity: 8M
 Heap Initial Capacity: 122M
 Heap Max Capacity: 1948M
 Pre-touch: Disabled
 Parallel Workers: 15
 Concurrent Workers: 4
 Concurrent Refinement Workers: 15
 Periodic GC: Disabled
Heap:
 garbage-first heap   total 64512K, used 34649K [0x0000000086400000, 0x0000000100000000)
  region size 1024K, 22 young (22528K), 3 survivors (3072K)
 Metaspace       used 31452K, committed 32064K, reserved 1114112K
  class space    used 4177K, committed 4416K, reserved 1048576K
GC Heap History (10 events):
Event: 0.364 GC heap before
{Heap before GC invocations=0 (full 0):
 garbage-first heap   total 126976K, used 23536K [0x0000000086400000, 0x0000000100000000)
  region size 1024K, 23 young (23552K), 0 survivors (0K)
 Metaspace       used 8706K, committed 8960K, reserved 1114112K
  class space    used 1090K, committed 1216K, reserved 1048576K
}
Event: 0.369 GC heap after
{Heap after GC invocations=1 (full 0):
 garbage-first heap   total 126976K, used 5404K [0x0000000086400000, 0x0000000100000000)
  region size 1024K, 3 young (3072K), 3 survivors (3072K)
 Metaspace       used 8706K, committed 8960K, reserved 1114112K
  class space    used 1090K, committed 1216K, reserved 1048576K
}
Event: 0.604 GC heap before
{Heap before GC invocations=1 (full 0):
 garbage-first heap   total 126976K, used 40220K [0x0000000086400000, 0x0000000100000000)
  region size 1024K, 38 young (38912K), 3 survivors (3072K)
 Metaspace       used 17298K, committed 17600K, reserved 1114112K
  class space    used 2260K, committed 2368K, reserved 1048576K
}
Event: 0.609 GC heap after
{Heap after GC invocations=2 (full 0):
 garbage-first heap   total 126976K, used 8227K [0x0000000086400000, 0x0000000100000000)
  region size 1024K, 3 young (3072K), 3 survivors (3072K)
 Metaspace       used 17298K, committed 17600K, reserved 1114112K
  class space    used 2260K, committed 2368K, reserved 1048576K
}
Event: 0.880 GC heap before
{Heap before GC invocations=2 (full 0):
 garbage-first heap   total 126976K, used 29731K [0x0000000086400000, 0x0000000100000000)
  region size 1024K, 25 young (25600K), 3 survivors (3072K)
 Metaspace       used 19765K, committed 20096K, reserved 1114112K
  class space    used 2609K, committed 2752K, reserved 1048576K
}
Event: 0.885 GC heap after
{Heap after GC invocations=3 (full 0):
 garbage-first heap   total 126976K, used 9748K [0x0000000086400000, 0x0000000100000000)
  region size 1024K, 5 young (5120K), 5 survivors (5120K)
 Metaspace       used 19765K, committed 20096K, reserved 1114112K
  class space    used 2609K, committed 2752K, reserved 1048576K
}
Event: 1.171 GC heap before
{Heap before GC invocations=4 (full 0):
 garbage-first heap   total 45056K, used 42516K [0x0000000086400000, 0x0000000100000000)
  region size 1024K, 37 young (37888K), 5 survivors (5120K)
 Metaspace       used 26588K, committed 27136K, reserved 1114112K
  class space    used 3559K, committed 3776K, reserved 1048576K
}
Event: 1.176 GC heap after
{Heap after GC invocations=5 (full 0):
 garbage-first heap   total 53248K, used 13548K [0x0000000086400000, 0x0000000100000000)
  region size 1024K, 8 young (8192K), 8 survivors (8192K)
 Metaspace       used 26588K, committed 27136K, reserved 1114112K
  class space    used 3559K, committed 3776K, reserved 1048576K
}
Event: 12.602 GC heap before
{Heap before GC invocations=5 (full 0):
 garbage-first heap   total 53248K, used 37100K [0x0000000086400000, 0x0000000100000000)
  region size 1024K, 31 young (31744K), 8 survivors (8192K)
 Metaspace       used 31442K, committed 32000K, reserved 1114112K
  class space    used 4174K, committed 4416K, reserved 1048576K
}
Event: 12.605 GC heap after
{Heap after GC invocations=6 (full 0):
 garbage-first heap   total 64512K, used 16217K [0x0000000086400000, 0x0000000100000000)
  region size 1024K, 3 young (3072K), 3 survivors (3072K)
 Metaspace       used 31442K, committed 32000K, reserved 1114112K
  class space    used 4174K, committed 4416K, reserved 1048576K
}

