# JRE version: OpenJDK Runtime Environment Zulu20.32+11-CA (20.0.2+9) (build 20.0.2+9)
# Java VM: OpenJDK 64-Bit Server VM Zulu20.32+11-CA (20.0.2+9, mixed mode, emulated-client, sharing, tiered, compressed oops, compressed class ptrs, g1 gc, linux-amd64)
GC Precious Log:
 CardTable entry size: 512
 Card Set container configuration: InlinePtr #cards 5 size 8 Array Of Cards #cards 12 size 40 Howl #buckets 4 coarsen threshold 1843 Howl Bitmap #cards 512 size 80 coarsen threshold 460 Card regions per heap region 1 cards per card region 2048
 CPUs: 20 total, 20 available
 Memory: 7786M
 Large Page Support: Disabled
 NUMA Support: Disabled
 Compressed Oops: Enabled (32-bit)
 Heap Region Size: 1M
 Heap Min Capacity: 8M
 Heap Initial Capacity: 122M
 Heap Max Capacity: 1948M
 Pre-touch: Disabled
 Parallel Workers: 15
 Concurrent Workers: 4
 Concurrent Refinement Workers: 15
 Periodic GC: Disabled
Heap:
 garbage-first heap   total 68608K, used 29912K [0x0000000086400000, 0x0000000100000000)
  region size 1024K, 17 young (17408K), 3 survivors (3072K)
 Metaspace       used 31419K, committed 32000K, reserved 1114112K
  class space    used 4169K, committed 4416K, reserved 1048576K
GC Heap History (10 events):
Event: 0.362 GC heap before
{Heap before GC invocations=0 (full 0):
 garbage-first heap   total 126976K, used 24560K [0x0000000086400000, 0x0000000100000000)
  region size 1024K, 23 young (23552K), 0 survivors (0K)
 Metaspace       used 8892K, committed 9152K, reserved 1114112K
  class space    used 1125K, committed 1216K, reserved 1048576K
}
Event: 0.366 GC heap after
{Heap after GC invocations=1 (full 0):
 garbage-first heap   total 126976K, used 5524K [0x0000000086400000, 0x0000000100000000)
  region size 1024K, 3 young (3072K), 3 survivors (3072K)
 Metaspace       used 8892K, committed 9152K, reserved 1114112K
  class space    used 1125K, committed 1216K, reserved 1048576K
}
Event: 0.551 GC heap before
{Heap before GC invocations=1 (full 0):
 garbage-first heap   total 126976K, used 39316K [0x0000000086400000, 0x0000000100000000)
  region size 1024K, 37 young (37888K), 3 survivors (3072K)
 Metaspace       used 17176K, committed 17472K, reserved 1114112K
  class space    used 2239K, committed 2368K, reserved 1048576K
}
Event: 0.555 GC heap after
{Heap after GC invocations=2 (full 0):
 garbage-first heap   total 126976K, used 8374K [0x0000000086400000, 0x0000000100000000)
  region size 1024K, 3 young (3072K), 3 survivors (3072K)
 Metaspace       used 17176K, committed 17472K, reserved 1114112K
  class space    used 2239K, committed 2368K, reserved 1048576K
}
Event: 0.785 GC heap before
{Heap before GC invocations=2 (full 0):
 garbage-first heap   total 126976K, used 37046K [0x0000000086400000, 0x0000000100000000)
  region size 1024K, 32 young (32768K), 3 survivors (3072K)
 Metaspace       used 21130K, committed 21504K, reserved 1114112K
  class space    used 2814K, committed 2944K, reserved 1048576K
}
Event: 0.788 GC heap after
{Heap after GC invocations=3 (full 0):
 garbage-first heap   total 126976K, used 10836K [0x0000000086400000, 0x0000000100000000)
  region size 1024K, 5 young (5120K), 5 survivors (5120K)
 Metaspace       used 21130K, committed 21504K, reserved 1114112K
  class space    used 2814K, committed 2944K, reserved 1048576K
}
Event: 1.041 GC heap before
{Heap before GC invocations=4 (full 0):
 garbage-first heap   total 45056K, used 42580K [0x0000000086400000, 0x0000000100000000)
  region size 1024K, 37 young (37888K), 5 survivors (5120K)
 Metaspace       used 27288K, committed 27776K, reserved 1114112K
  class space    used 3634K, committed 3840K, reserved 1048576K
}
Event: 1.046 GC heap after
{Heap after GC invocations=5 (full 0):
 garbage-first heap   total 54272K, used 14398K [0x0000000086400000, 0x0000000100000000)
  region size 1024K, 9 young (9216K), 9 survivors (9216K)
 Metaspace       used 27288K, committed 27776K, reserved 1114112K
  class space    used 3634K, committed 3840K, reserved 1048576K
}
Event: 5.806 GC heap before
{Heap before GC invocations=5 (full 0):
 garbage-first heap   total 54272K, used 36926K [0x0000000086400000, 0x0000000100000000)
  region size 1024K, 31 young (31744K), 9 survivors (9216K)
 Metaspace       used 31409K, committed 32000K, reserved 1114112K
  class space    used 4166K, committed 4416K, reserved 1048576K
}
Event: 5.809 GC heap after
{Heap after GC invocations=6 (full 0):
 garbage-first heap   total 68608K, used 16600K [0x0000000086400000, 0x0000000100000000)
  region size 1024K, 3 young (3072K), 3 survivors (3072K)
 Metaspace       used 31409K, committed 32000K, reserved 1114112K
  class space    used 4166K, committed 4416K, reserved 1048576K
}

