# JRE version: OpenJDK Runtime Environment Zulu20.32+11-CA (20.0.2+9) (build 20.0.2+9)
# Java VM: OpenJDK 64-Bit Server VM Zulu20.32+11-CA (20.0.2+9, mixed mode, emulated-client, sharing, tiered, compressed oops, compressed class ptrs, g1 gc, linux-amd64)
GC Precious Log:
 CardTable entry size: 512
 Card Set container configuration: InlinePtr #cards 5 size 8 Array Of Cards #cards 12 size 40 Howl #buckets 4 coarsen threshold 1843 Howl Bitmap #cards 512 size 80 coarsen threshold 460 Card regions per heap region 1 cards per card region 2048
 CPUs: 20 total, 20 available
 Memory: 7786M
 Large Page Support: Disabled
 NUMA Support: Disabled
 Compressed Oops: Enabled (32-bit)
 Heap Region Size: 1M
 Heap Min Capacity: 8M
 Heap Initial Capacity: 122M
 Heap Max Capacity: 1948M
 Pre-touch: Disabled
 Parallel Workers: 15
 Concurrent Workers: 4
 Concurrent Refinement Workers: 15
 Periodic GC: Disabled
Heap:
 garbage-first heap   total 64512K, used 33806K [0x0000000086400000, 0x0000000100000000)
  region size 1024K, 21 young (21504K), 3 survivors (3072K)
 Metaspace       used 31419K, committed 32000K, reserved 1114112K
  class space    used 4171K, committed 4416K, reserved 1048576K
GC Heap History (10 events):
Event: 0.396 GC heap before
{Heap before GC invocations=0 (full 0):
 garbage-first heap   total 126976K, used 24560K [0x0000000086400000, 0x0000000100000000)
  region size 1024K, 23 young (23552K), 0 survivors (0K)
 Metaspace       used 8943K, committed 9280K, reserved 1114112K
  class space    used 1131K, committed 1280K, reserved 1048576K
}
Event: 0.401 GC heap after
{Heap after GC invocations=1 (full 0):
 garbage-first heap   total 126976K, used 5584K [0x0000000086400000, 0x0000000100000000)
  region size 1024K, 3 young (3072K), 3 survivors (3072K)
 Metaspace       used 8943K, committed 9280K, reserved 1114112K
  class space    used 1131K, committed 1280K, reserved 1048576K
}
Event: 0.604 GC heap before
{Heap before GC invocations=1 (full 0):
 garbage-first heap   total 126976K, used 39376K [0x0000000086400000, 0x0000000100000000)
  region size 1024K, 37 young (37888K), 3 survivors (3072K)
 Metaspace       used 17415K, committed 17728K, reserved 1114112K
  class space    used 2270K, committed 2432K, reserved 1048576K
}
Event: 0.608 GC heap after
{Heap after GC invocations=2 (full 0):
 garbage-first heap   total 126976K, used 8461K [0x0000000086400000, 0x0000000100000000)
  region size 1024K, 3 young (3072K), 3 survivors (3072K)
 Metaspace       used 17415K, committed 17728K, reserved 1114112K
  class space    used 2270K, committed 2432K, reserved 1048576K
}
Event: 0.780 GC heap before
{Heap before GC invocations=2 (full 0):
 garbage-first heap   total 126976K, used 28941K [0x0000000086400000, 0x0000000100000000)
  region size 1024K, 24 young (24576K), 3 survivors (3072K)
 Metaspace       used 19736K, committed 20032K, reserved 1114112K
  class space    used 2607K, committed 2752K, reserved 1048576K
}
Event: 0.782 GC heap after
{Heap after GC invocations=3 (full 0):
 garbage-first heap   total 126976K, used 10346K [0x0000000086400000, 0x0000000100000000)
  region size 1024K, 5 young (5120K), 5 survivors (5120K)
 Metaspace       used 19736K, committed 20032K, reserved 1114112K
  class space    used 2607K, committed 2752K, reserved 1048576K
}
Event: 1.059 GC heap before
{Heap before GC invocations=4 (full 0):
 garbage-first heap   total 45056K, used 43114K [0x0000000086400000, 0x0000000100000000)
  region size 1024K, 37 young (37888K), 5 survivors (5120K)
 Metaspace       used 26405K, committed 26880K, reserved 1114112K
  class space    used 3520K, committed 3712K, reserved 1048576K
}
Event: 1.063 GC heap after
{Heap after GC invocations=5 (full 0):
 garbage-first heap   total 53248K, used 13972K [0x0000000086400000, 0x0000000100000000)
  region size 1024K, 8 young (8192K), 8 survivors (8192K)
 Metaspace       used 26405K, committed 26880K, reserved 1114112K
  class space    used 3520K, committed 3712K, reserved 1048576K
}
Event: 14.465 GC heap before
{Heap before GC invocations=5 (full 0):
 garbage-first heap   total 53248K, used 38548K [0x0000000086400000, 0x0000000100000000)
  region size 1024K, 31 young (31744K), 8 survivors (8192K)
 Metaspace       used 31409K, committed 32000K, reserved 1114112K
  class space    used 4169K, committed 4416K, reserved 1048576K
}
Event: 14.469 GC heap after
{Heap after GC invocations=6 (full 0):
 garbage-first heap   total 64512K, used 16398K [0x0000000086400000, 0x0000000100000000)
  region size 1024K, 3 young (3072K), 3 survivors (3072K)
 Metaspace       used 31409K, committed 32000K, reserved 1114112K
  class space    used 4169K, committed 4416K, reserved 1048576K
}

