# JRE version: OpenJDK Runtime Environment (20.0.2+9) (build 20.0.2+9-78)
# Java VM: OpenJDK 64-Bit Server VM (20.0.2+9-78, mixed mode, emulated-client, sharing, tiered, compressed oops, compressed class ptrs, g1 gc, bsd-aarch64)
GC Precious Log:
 CardTable entry size: 512
 Card Set container configuration: InlinePtr #cards 5 size 8 Array Of Cards #cards 12 size 40 Howl #buckets 4 coarsen threshold 1843 Howl Bitmap #cards 512 size 80 coarsen threshold 460 Card regions per heap region 1 cards per card region 2048
 CPUs: 8 total, 8 available
 Memory: 8192M
 Large Page Support: Disabled
 NUMA Support: Disabled
 Compressed Oops: Enabled (Zero based)
 Heap Region Size: 1M
 Heap Min Capacity: 8M
 Heap Initial Capacity: 128M
 Heap Max Capacity: 2G
 Pre-touch: Disabled
 Parallel Workers: 8
 Concurrent Workers: 2
 Concurrent Refinement Workers: 8
 Periodic GC: Disabled
Heap:
 garbage-first heap   total 235520K, used 92301K [0x0000000780000000, 0x0000000800000000)
  region size 1024K, 30 young (30720K), 2 survivors (2048K)
 Metaspace       used 31476K, committed 32128K, reserved 1114112K
  class space    used 4187K, committed 4480K, reserved 1048576K
GC Heap History (20 events):
Event: 0.675 GC heap before
{Heap before GC invocations=1 (full 0):
 garbage-first heap   total 133120K, used 39435K [0x0000000780000000, 0x0000000800000000)
  region size 1024K, 37 young (37888K), 3 survivors (3072K)
 Metaspace       used 17301K, committed 17600K, reserved 1114112K
  class space    used 2244K, committed 2368K, reserved 1048576K
}
Event: 0.677 GC heap after
{Heap after GC invocations=2 (full 0):
 garbage-first heap   total 133120K, used 8379K [0x0000000780000000, 0x0000000800000000)
  region size 1024K, 3 young (3072K), 3 survivors (3072K)
 Metaspace       used 17301K, committed 17600K, reserved 1114112K
  class space    used 2244K, committed 2368K, reserved 1048576K
}
Event: 0.852 GC heap before
{Heap before GC invocations=2 (full 0):
 garbage-first heap   total 133120K, used 35003K [0x0000000780000000, 0x0000000800000000)
  region size 1024K, 30 young (30720K), 3 survivors (3072K)
 Metaspace       used 21104K, committed 21504K, reserved 1114112K
  class space    used 2814K, committed 3008K, reserved 1048576K
}
Event: 0.855 GC heap after
{Heap after GC invocations=3 (full 0):
 garbage-first heap   total 133120K, used 10745K [0x0000000780000000, 0x0000000800000000)
  region size 1024K, 5 young (5120K), 5 survivors (5120K)
 Metaspace       used 21104K, committed 21504K, reserved 1114112K
  class space    used 2814K, committed 3008K, reserved 1048576K
}
Event: 1.000 GC heap before
{Heap before GC invocations=4 (full 0):
 garbage-first heap   total 45056K, used 31225K [0x0000000780000000, 0x0000000800000000)
  region size 1024K, 26 young (26624K), 5 survivors (5120K)
 Metaspace       used 25708K, committed 26176K, reserved 1114112K
  class space    used 3438K, committed 3648K, reserved 1048576K
}
Event: 1.004 GC heap after
{Heap after GC invocations=5 (full 0):
 garbage-first heap   total 45056K, used 13409K [0x0000000780000000, 0x0000000800000000)
  region size 1024K, 4 young (4096K), 4 survivors (4096K)
 Metaspace       used 25708K, committed 26176K, reserved 1114112K
  class space    used 3438K, committed 3648K, reserved 1048576K
}
Event: 10.161 GC heap before
{Heap before GC invocations=5 (full 0):
 garbage-first heap   total 45056K, used 32865K [0x0000000780000000, 0x0000000800000000)
  region size 1024K, 24 young (24576K), 4 survivors (4096K)
 Metaspace       used 29434K, committed 30144K, reserved 1114112K
  class space    used 3944K, committed 4288K, reserved 1048576K
}
Event: 10.166 GC heap after
{Heap after GC invocations=6 (full 0):
 garbage-first heap   total 45056K, used 15473K [0x0000000780000000, 0x0000000800000000)
  region size 1024K, 3 young (3072K), 3 survivors (3072K)
 Metaspace       used 29434K, committed 30144K, reserved 1114112K
  class space    used 3944K, committed 4288K, reserved 1048576K
}
Event: 10.256 GC heap before
{Heap before GC invocations=6 (full 0):
 garbage-first heap   total 45056K, used 40049K [0x0000000780000000, 0x0000000800000000)
  region size 1024K, 22 young (22528K), 3 survivors (3072K)
 Metaspace       used 31474K, committed 32128K, reserved 1114112K
  class space    used 4185K, committed 4480K, reserved 1048576K
}
Event: 10.259 GC heap after
{Heap after GC invocations=7 (full 0):
 garbage-first heap   total 55296K, used 31005K [0x0000000780000000, 0x0000000800000000)
  region size 1024K, 3 young (3072K), 3 survivors (3072K)
 Metaspace       used 31474K, committed 32128K, reserved 1114112K
  class space    used 4185K, committed 4480K, reserved 1048576K
}
Event: 10.266 GC heap before
{Heap before GC invocations=7 (full 0):
 garbage-first heap   total 55296K, used 41245K [0x0000000780000000, 0x0000000800000000)
  region size 1024K, 13 young (13312K), 3 survivors (3072K)
 Metaspace       used 31474K, committed 32128K, reserved 1114112K
  class space    used 4185K, committed 4480K, reserved 1048576K
}
Event: 10.270 GC heap after
{Heap after GC invocations=8 (full 0):
 garbage-first heap   total 66560K, used 36814K [0x0000000780000000, 0x0000000800000000)
  region size 1024K, 2 young (2048K), 2 survivors (2048K)
 Metaspace       used 31474K, committed 32128K, reserved 1114112K
  class space    used 4185K, committed 4480K, reserved 1048576K
}
Event: 10.279 GC heap before
{Heap before GC invocations=8 (full 0):
 garbage-first heap   total 66560K, used 50126K [0x0000000780000000, 0x0000000800000000)
  region size 1024K, 15 young (15360K), 2 survivors (2048K)
 Metaspace       used 31474K, committed 32128K, reserved 1114112K
  class space    used 4185K, committed 4480K, reserved 1048576K
}
Event: 10.283 GC heap after
{Heap after GC invocations=9 (full 0):
 garbage-first heap   total 66560K, used 44461K [0x0000000780000000, 0x0000000800000000)
  region size 1024K, 2 young (2048K), 2 survivors (2048K)
 Metaspace       used 31474K, committed 32128K, reserved 1114112K
  class space    used 4185K, committed 4480K, reserved 1048576K
}
Event: 10.289 GC heap before
{Heap before GC invocations=9 (full 0):
 garbage-first heap   total 87040K, used 52653K [0x0000000780000000, 0x0000000800000000)
  region size 1024K, 10 young (10240K), 2 survivors (2048K)
 Metaspace       used 31474K, committed 32128K, reserved 1114112K
  class space    used 4185K, committed 4480K, reserved 1048576K
}
Event: 10.291 GC heap after
{Heap after GC invocations=10 (full 0):
 garbage-first heap   total 87040K, used 49283K [0x0000000780000000, 0x0000000800000000)
  region size 1024K, 2 young (2048K), 2 survivors (2048K)
 Metaspace       used 31474K, committed 32128K, reserved 1114112K
  class space    used 4185K, committed 4480K, reserved 1048576K
}
Event: 10.303 GC heap before
{Heap before GC invocations=11 (full 0):
 garbage-first heap   total 87040K, used 66691K [0x0000000780000000, 0x0000000800000000)
  region size 1024K, 19 young (19456K), 2 survivors (2048K)
 Metaspace       used 31474K, committed 32128K, reserved 1114112K
  class space    used 4185K, committed 4480K, reserved 1048576K
}
Event: 10.306 GC heap after
{Heap after GC invocations=12 (full 0):
 garbage-first heap   total 87040K, used 58454K [0x0000000780000000, 0x0000000800000000)
  region size 1024K, 3 young (3072K), 3 survivors (3072K)
 Metaspace       used 31474K, committed 32128K, reserved 1114112K
  class space    used 4185K, committed 4480K, reserved 1048576K
}
Event: 10.313 GC heap before
{Heap before GC invocations=12 (full 0):
 garbage-first heap   total 87040K, used 69718K [0x0000000780000000, 0x0000000800000000)
  region size 1024K, 14 young (14336K), 3 survivors (3072K)
 Metaspace       used 31474K, committed 32128K, reserved 1114112K
  class space    used 4185K, committed 4480K, reserved 1048576K
}
Event: 10.316 GC heap after
{Heap after GC invocations=13 (full 0):
 garbage-first heap   total 235520K, used 64653K [0x0000000780000000, 0x0000000800000000)
  region size 1024K, 2 young (2048K), 2 survivors (2048K)
 Metaspace       used 31474K, committed 32128K, reserved 1114112K
  class space    used 4185K, committed 4480K, reserved 1048576K
}

